<?xml version="1.0" encoding="UTF-8"?>
<!-- Generated by org.testng.reporters.JUnitReportReporter -->
<testsuite skipped="0" hostname="MuniPC" name="Day28.InvocationTest" tests="5" failures="0" timestamp="2022-12-19T19:46:06 PST" time="32.017" errors="0">
  <testcase name="testInvocation" time="6.297" classname="Day28.InvocationTest"/>
  <system-out/>
  <testcase name="testInvocation" time="5.921" classname="Day28.InvocationTest"/>
  <system-out/>
  <testcase name="testInvocation" time="7.433" classname="Day28.InvocationTest"/>
  <system-out/>
  <testcase name="testInvocation" time="5.929" classname="Day28.InvocationTest"/>
  <system-out/>
  <testcase name="testInvocation" time="6.437" classname="Day28.InvocationTest"/>
  <system-out/>
</testsuite> <!-- Day28.InvocationTest -->
