<?xml version="1.0" encoding="UTF-8"?>
<!-- Generated by org.testng.reporters.JUnitReportReporter -->
<testsuite skipped="0" hostname="MuniPC" name="Day28.Parawithout" tests="1" failures="0" timestamp="2022-12-19T18:37:07 PST" time="19.980" errors="0">
  <testcase name="test1" time="19.980" classname="Day28.Parawithout"/>
  <system-out/>
</testsuite> <!-- Day28.Parawithout -->
