<?xml version="1.0" encoding="UTF-8"?>
<!-- Generated by org.testng.reporters.JUnitReportReporter -->
<testsuite skipped="0" hostname="MuniPC" name="Day28.ParaTest" tests="8" failures="0" timestamp="2022-12-27T17:38:08 PST" time="24.540" errors="0">
  <testcase name="LaunchApp" time="6.504" classname="Day28.ParaTest"/>
  <system-out/>
  <testcase name="LaunchApp" time="2.898" classname="Day28.ParaTest"/>
  <system-out/>
  <testcase name="Login" time="3.727" classname="Day28.ParaTest"/>
  <system-out/>
  <testcase name="Login" time="4.808" classname="Day28.ParaTest"/>
  <system-out/>
  <testcase name="Logout" time="2.547" classname="Day28.ParaTest"/>
  <system-out/>
  <testcase name="Logout" time="2.751" classname="Day28.ParaTest"/>
  <system-out/>
  <testcase name="close" time="1.052" classname="Day28.ParaTest"/>
  <system-out/>
  <testcase name="close" time="0.253" classname="Day28.ParaTest"/>
  <system-out/>
</testsuite> <!-- Day28.ParaTest -->
